{"level":"info","message":"🚀 Server running on port 5000 in development mode","timestamp":"2026-03-25 16:54:57"}
{"level":"info","message":"✅ MongoDB Connected: ac-pluyizk-shard-00-02.kmieitr.mongodb.net","timestamp":"2026-03-25 16:54:59"}
{"level":"info","message":"🚀 Server running on port 5000 in development mode","timestamp":"2026-03-25 16:55:58"}
{"level":"info","message":"✅ MongoDB Connected: ac-pluyizk-shard-00-00.kmieitr.mongodb.net","timestamp":"2026-03-25 16:55:58"}
{"level":"info","message":"🚀 Server running on port 5000 in development mode","timestamp":"2026-03-25 16:56:09"}
{"level":"info","message":"✅ MongoDB Connected: ac-pluyizk-shard-00-00.kmieitr.mongodb.net","timestamp":"2026-03-25 16:56:09"}
{"level":"info","message":"🚀 Server running on port 5000 in development mode","timestamp":"2026-03-25 16:56:14"}
{"level":"info","message":"✅ MongoDB Connected: ac-pluyizk-shard-00-00.kmieitr.mongodb.net","timestamp":"2026-03-25 16:56:14"}
{"level":"info","message":"🚀 Server running on port 5000 in development mode","timestamp":"2026-03-25 16:56:21"}
{"level":"info","message":"🚀 Server running on port 5000 in development mode","timestamp":"2026-03-25 16:56:23"}
{"level":"info","message":"🚀 Server running on port 5000 in development mode","timestamp":"2026-03-25 16:56:28"}
{"level":"info","message":"✅ MongoDB Connected: ac-pluyizk-shard-00-00.kmieitr.mongodb.net","timestamp":"2026-03-25 16:56:28"}
{"level":"info","message":"🚀 Server running on port 5000 in development mode","timestamp":"2026-03-25 16:56:33"}
{"level":"info","message":"✅ MongoDB Connected: ac-pluyizk-shard-00-00.kmieitr.mongodb.net","timestamp":"2026-03-25 16:56:34"}
{"level":"info","message":"🚀 Server running on port 5000 in development mode","timestamp":"2026-03-25 16:56:36"}
{"level":"info","message":"✅ MongoDB Connected: ac-pluyizk-shard-00-00.kmieitr.mongodb.net","timestamp":"2026-03-25 16:56:37"}
{"level":"info","message":"🚀 Server running on port 5000 in development mode","timestamp":"2026-03-25 16:56:39"}
{"level":"info","message":"✅ MongoDB Connected: ac-pluyizk-shard-00-00.kmieitr.mongodb.net","timestamp":"2026-03-25 16:56:39"}
{"level":"info","message":"🚀 Server running on port 5000 in development mode","timestamp":"2026-03-25 16:56:45"}
{"level":"info","message":"✅ MongoDB Connected: ac-pluyizk-shard-00-00.kmieitr.mongodb.net","timestamp":"2026-03-25 16:56:46"}
{"level":"info","message":"🚀 Server running on port 5000 in development mode","timestamp":"2026-03-25 16:56:47"}
{"level":"info","message":"✅ MongoDB Connected: ac-pluyizk-shard-00-00.kmieitr.mongodb.net","timestamp":"2026-03-25 16:56:47"}
{"level":"info","message":"🚀 Server running on port 5000 in development mode","timestamp":"2026-03-25 16:56:49"}
{"level":"info","message":"✅ MongoDB Connected: ac-pluyizk-shard-00-00.kmieitr.mongodb.net","timestamp":"2026-03-25 16:56:50"}
{"level":"info","message":"🚀 Server running on port 5000 in development mode","timestamp":"2026-03-25 16:56:51"}
{"level":"info","message":"✅ MongoDB Connected: ac-pluyizk-shard-00-00.kmieitr.mongodb.net","timestamp":"2026-03-25 16:56:51"}
{"level":"info","message":"🚀 Server running on port 5000 in development mode","timestamp":"2026-03-25 16:56:54"}
{"level":"info","message":"✅ MongoDB Connected: ac-pluyizk-shard-00-00.kmieitr.mongodb.net","timestamp":"2026-03-25 16:56:54"}
{"level":"info","message":"🚀 Server running on port 5000 in development mode","timestamp":"2026-03-25 16:56:58"}
{"level":"info","message":"✅ MongoDB Connected: ac-pluyizk-shard-00-01.kmieitr.mongodb.net","timestamp":"2026-03-25 16:56:59"}
{"level":"info","message":"🚀 Server running on port 5000 in development mode","timestamp":"2026-03-25 16:57:03"}
{"level":"info","message":"✅ MongoDB Connected: ac-pluyizk-shard-00-01.kmieitr.mongodb.net","timestamp":"2026-03-25 16:57:04"}
{"level":"info","message":"🚀 Server running on port 5000 in development mode","timestamp":"2026-03-25 16:57:06"}
{"level":"info","message":"✅ MongoDB Connected: ac-pluyizk-shard-00-01.kmieitr.mongodb.net","timestamp":"2026-03-25 16:57:07"}
{"level":"info","message":"🚀 Server running on port 5000 in development mode","timestamp":"2026-03-25 16:57:08"}
{"level":"info","message":"✅ MongoDB Connected: ac-pluyizk-shard-00-01.kmieitr.mongodb.net","timestamp":"2026-03-25 16:57:09"}
{"level":"info","message":"🚀 Server running on port 5000 in development mode","timestamp":"2026-03-25 16:57:13"}
{"level":"error","message":"❌ MongoDB connection failed: querySrv EREFUSED _mongodb._tcp.cluster0.kmieitr.mongodb.net","timestamp":"2026-03-25 16:57:18"}
{"level":"info","message":"🚀 Server running on port 5000 in development mode","timestamp":"2026-03-25 16:57:21"}
{"level":"info","message":"✅ MongoDB Connected: ac-pluyizk-shard-00-01.kmieitr.mongodb.net","timestamp":"2026-03-25 16:57:22"}
{"level":"info","message":"🚀 Server running on port 5000 in development mode","timestamp":"2026-03-25 16:57:26"}
{"level":"info","message":"🚀 Server running on port 5000 in development mode","timestamp":"2026-03-25 16:57:27"}
{"level":"info","message":"🚀 Server running on port 5000 in development mode","timestamp":"2026-03-25 16:57:28"}
{"level":"info","message":"✅ MongoDB Connected: ac-pluyizk-shard-00-01.kmieitr.mongodb.net","timestamp":"2026-03-25 16:57:29"}
{"level":"info","message":"🚀 Server running on port 5000 in development mode","timestamp":"2026-03-25 16:57:33"}
{"level":"info","message":"✅ MongoDB Connected: ac-pluyizk-shard-00-01.kmieitr.mongodb.net","timestamp":"2026-03-25 16:57:34"}
{"level":"info","message":"🚀 Server running on port 5000 in development mode","timestamp":"2026-03-25 16:57:46"}
{"level":"info","message":"✅ MongoDB Connected: ac-pluyizk-shard-00-01.kmieitr.mongodb.net","timestamp":"2026-03-25 16:57:46"}
{"level":"info","message":"🚀 Server running on port 5000 in development mode","timestamp":"2026-03-25 17:01:40"}
{"level":"info","message":"✅ MongoDB Connected: ac-pluyizk-shard-00-01.kmieitr.mongodb.net","timestamp":"2026-03-25 17:01:41"}
{"level":"info","message":"🚀 Server running on port 5000 in development mode","timestamp":"2026-03-25 17:01:44"}
{"level":"info","message":"✅ MongoDB Connected: ac-pluyizk-shard-00-01.kmieitr.mongodb.net","timestamp":"2026-03-25 17:01:45"}
{"level":"error","message":"invalid signature","method":"GET","path":"/api/auth/me","stack":"JsonWebTokenError: invalid signature\n    at C:\\react\\github-analyzer\\github-analyzer\\backend\\node_modules\\jsonwebtoken\\verify.js:171:19\n    at getSecret (C:\\react\\github-analyzer\\github-analyzer\\backend\\node_modules\\jsonwebtoken\\verify.js:97:14)\n    at module.exports [as verify] (C:\\react\\github-analyzer\\github-analyzer\\backend\\node_modules\\jsonwebtoken\\verify.js:101:10)\n    at protect (C:\\react\\github-analyzer\\github-analyzer\\backend\\src\\middleware\\auth.middleware.js:16:25)\n    at Layer.handle [as handle_request] (C:\\react\\github-analyzer\\github-analyzer\\backend\\node_modules\\express\\lib\\router\\layer.js:95:5)\n    at next (C:\\react\\github-analyzer\\github-analyzer\\backend\\node_modules\\express\\lib\\router\\route.js:149:13)\n    at Route.dispatch (C:\\react\\github-analyzer\\github-analyzer\\backend\\node_modules\\express\\lib\\router\\route.js:119:3)\n    at Layer.handle [as handle_request] (C:\\react\\github-analyzer\\github-analyzer\\backend\\node_modules\\express\\lib\\router\\layer.js:95:5)\n    at C:\\react\\github-analyzer\\github-analyzer\\backend\\node_modules\\express\\lib\\router\\index.js:284:15\n    at Function.process_params (C:\\react\\github-analyzer\\github-analyzer\\backend\\node_modules\\express\\lib\\router\\index.js:346:12)","statusCode":401,"timestamp":"2026-03-25 17:04:23"}
{"level":"error","message":"invalid signature","method":"GET","path":"/api/auth/me","stack":"JsonWebTokenError: invalid signature\n    at C:\\react\\github-analyzer\\github-analyzer\\backend\\node_modules\\jsonwebtoken\\verify.js:171:19\n    at getSecret (C:\\react\\github-analyzer\\github-analyzer\\backend\\node_modules\\jsonwebtoken\\verify.js:97:14)\n    at module.exports [as verify] (C:\\react\\github-analyzer\\github-analyzer\\backend\\node_modules\\jsonwebtoken\\verify.js:101:10)\n    at protect (C:\\react\\github-analyzer\\github-analyzer\\backend\\src\\middleware\\auth.middleware.js:16:25)\n    at Layer.handle [as handle_request] (C:\\react\\github-analyzer\\github-analyzer\\backend\\node_modules\\express\\lib\\router\\layer.js:95:5)\n    at next (C:\\react\\github-analyzer\\github-analyzer\\backend\\node_modules\\express\\lib\\router\\route.js:149:13)\n    at Route.dispatch (C:\\react\\github-analyzer\\github-analyzer\\backend\\node_modules\\express\\lib\\router\\route.js:119:3)\n    at Layer.handle [as handle_request] (C:\\react\\github-analyzer\\github-analyzer\\backend\\node_modules\\express\\lib\\router\\layer.js:95:5)\n    at C:\\react\\github-analyzer\\github-analyzer\\backend\\node_modules\\express\\lib\\router\\index.js:284:15\n    at Function.process_params (C:\\react\\github-analyzer\\github-analyzer\\backend\\node_modules\\express\\lib\\router\\index.js:346:12)","statusCode":401,"timestamp":"2026-03-25 17:04:23"}
{"level":"error","message":"Route not found: /favicon.ico","method":"GET","path":"/favicon.ico","stack":"Error: Route not found: /favicon.ico\n    at notFound (C:\\react\\github-analyzer\\github-analyzer\\backend\\src\\middleware\\errorHandler.js:4:17)\n    at Layer.handle [as handle_request] (C:\\react\\github-analyzer\\github-analyzer\\backend\\node_modules\\express\\lib\\router\\layer.js:95:5)\n    at trim_prefix (C:\\react\\github-analyzer\\github-analyzer\\backend\\node_modules\\express\\lib\\router\\index.js:328:13)\n    at C:\\react\\github-analyzer\\github-analyzer\\backend\\node_modules\\express\\lib\\router\\index.js:286:9\n    at Function.process_params (C:\\react\\github-analyzer\\github-analyzer\\backend\\node_modules\\express\\lib\\router\\index.js:346:12)\n    at next (C:\\react\\github-analyzer\\github-analyzer\\backend\\node_modules\\express\\lib\\router\\index.js:280:10)\n    at logger (C:\\react\\github-analyzer\\github-analyzer\\backend\\node_modules\\morgan\\index.js:144:5)\n    at Layer.handle [as handle_request] (C:\\react\\github-analyzer\\github-analyzer\\backend\\node_modules\\express\\lib\\router\\layer.js:95:5)\n    at trim_prefix (C:\\react\\github-analyzer\\github-analyzer\\backend\\node_modules\\express\\lib\\router\\index.js:328:13)\n    at C:\\react\\github-analyzer\\github-analyzer\\backend\\node_modules\\express\\lib\\router\\index.js:286:9","statusCode":404,"timestamp":"2026-03-25 17:04:23"}
{"level":"info","message":"New user registered: vihang@gmail.com","timestamp":"2026-03-25 17:05:49"}
{"level":"info","message":"Starting analysis for Vihang07215/hashtechytask","timestamp":"2026-03-25 17:06:57"}
{"level":"error","message":"Analysis failed for Vihang07215/hashtechytask: Failed to fetch repo info: Request failed with status code 401","timestamp":"2026-03-25 17:06:58"}
{"level":"warn","message":"Could not fetch file tree: Request failed with status code 401","timestamp":"2026-03-25 17:06:58"}
{"level":"warn","message":"Could not fetch languages: Request failed with status code 401","timestamp":"2026-03-25 17:06:59"}
{"level":"info","message":"Starting analysis for Vihang07215/hashtechytask","timestamp":"2026-03-25 17:07:54"}
{"level":"error","message":"Analysis failed for Vihang07215/hashtechytask: Failed to fetch repo info: Request failed with status code 401","timestamp":"2026-03-25 17:07:54"}
{"level":"warn","message":"Could not fetch languages: Request failed with status code 401","timestamp":"2026-03-25 17:07:54"}
{"level":"warn","message":"Could not fetch file tree: Request failed with status code 401","timestamp":"2026-03-25 17:07:55"}
{"level":"info","message":"Starting analysis for Vihang07215/hashtechytask","timestamp":"2026-03-25 17:08:19"}
{"level":"error","message":"Analysis failed for Vihang07215/hashtechytask: Failed to fetch repo info: Request failed with status code 401","timestamp":"2026-03-25 17:08:19"}
{"level":"warn","message":"Could not fetch languages: Request failed with status code 401","timestamp":"2026-03-25 17:08:19"}
{"level":"warn","message":"Could not fetch file tree: Request failed with status code 401","timestamp":"2026-03-25 17:08:20"}
{"level":"info","message":"Starting analysis for Vihang07215/portfolio","timestamp":"2026-03-25 17:08:48"}
{"level":"warn","message":"Could not fetch languages: Request failed with status code 401","timestamp":"2026-03-25 17:08:48"}
{"level":"error","message":"Analysis failed for Vihang07215/portfolio: Failed to fetch repo info: Request failed with status code 401","timestamp":"2026-03-25 17:08:48"}
{"level":"warn","message":"Could not fetch file tree: Request failed with status code 401","timestamp":"2026-03-25 17:08:49"}
{"level":"info","message":"New user registered: vihandg@gmail.com","timestamp":"2026-03-25 17:10:31"}
{"level":"info","message":"Starting analysis for Vihang07215/portfolio","timestamp":"2026-03-25 17:14:52"}
{"level":"error","message":"Analysis failed for Vihang07215/portfolio: Failed to fetch repo info: Request failed with status code 401","timestamp":"2026-03-25 17:14:52"}
{"level":"warn","message":"Could not fetch languages: Request failed with status code 401","timestamp":"2026-03-25 17:14:52"}
{"level":"warn","message":"Could not fetch file tree: Request failed with status code 401","timestamp":"2026-03-25 17:14:53"}
{"level":"info","message":"Starting analysis for Vihang07215/portfolio","timestamp":"2026-03-25 17:18:25"}
{"level":"error","message":"Analysis failed for Vihang07215/portfolio: Failed to fetch repo info: Request failed with status code 401","timestamp":"2026-03-25 17:18:25"}
{"level":"warn","message":"Could not fetch languages: Request failed with status code 401","timestamp":"2026-03-25 17:18:25"}
{"level":"warn","message":"Could not fetch file tree: Request failed with status code 401","timestamp":"2026-03-25 17:18:26"}
{"level":"info","message":"🚀 Server running on port 5000 in development mode","timestamp":"2026-03-25 17:27:17"}
{"level":"info","message":"✅ MongoDB Connected: ac-pluyizk-shard-00-02.kmieitr.mongodb.net","timestamp":"2026-03-25 17:27:17"}
{"level":"info","message":"🚀 Server running on port 5000 in development mode","timestamp":"2026-03-25 17:29:25"}
{"level":"info","message":"✅ MongoDB Connected: ac-pluyizk-shard-00-02.kmieitr.mongodb.net","timestamp":"2026-03-25 17:29:25"}
{"level":"info","message":"🚀 Server running on port 5000 in development mode","timestamp":"2026-03-25 17:29:37"}
{"level":"info","message":"🚀 Server running on port 5000 in development mode","timestamp":"2026-03-25 17:29:37"}
{"level":"info","message":"✅ MongoDB Connected: ac-pluyizk-shard-00-02.kmieitr.mongodb.net","timestamp":"2026-03-25 17:29:38"}
{"level":"info","message":"🚀 Server running on port 5000 in development mode","timestamp":"2026-03-25 17:29:42"}
{"level":"info","message":"🚀 swagger running on port 5000 in development mode","timestamp":"2026-03-25 17:29:42"}
{"level":"info","message":"✅ MongoDB Connected: ac-pluyizk-shard-00-02.kmieitr.mongodb.net","timestamp":"2026-03-25 17:29:43"}
{"level":"info","message":"🚀 Server running on port 5000 in development mode","timestamp":"2026-03-25 17:29:45"}
{"level":"info","message":"🚀 Swagger running on port 5000 in development mode","timestamp":"2026-03-25 17:29:45"}
{"level":"info","message":"✅ MongoDB Connected: ac-pluyizk-shard-00-02.kmieitr.mongodb.net","timestamp":"2026-03-25 17:29:45"}
{"level":"info","message":"🚀 Server running on port 5000 in development mode","timestamp":"2026-03-25 17:29:55"}
{"level":"info","message":"🚀 Swagger running on port 5000 in development mode","timestamp":"2026-03-25 17:29:55"}
{"level":"info","message":"✅ MongoDB Connected: ac-pluyizk-shard-00-02.kmieitr.mongodb.net","timestamp":"2026-03-25 17:29:55"}
{"level":"info","message":"🚀 Server running on port 5000 in development mode","timestamp":"2026-03-25 17:30:26"}
{"level":"info","message":"🚀 Swagger running on port http://localhost:","timestamp":"2026-03-25 17:30:26"}
{"level":"info","message":"✅ MongoDB Connected: ac-pluyizk-shard-00-01.kmieitr.mongodb.net","timestamp":"2026-03-25 17:30:27"}
{"level":"info","message":"🚀 Server running on port 5000 in development mode","timestamp":"2026-03-25 17:30:32"}
{"level":"info","message":"🚀 Swagger running on port http://localhost:5000/api-docs","timestamp":"2026-03-25 17:30:32"}
{"level":"info","message":"✅ MongoDB Connected: ac-pluyizk-shard-00-01.kmieitr.mongodb.net","timestamp":"2026-03-25 17:30:32"}
{"level":"info","message":"New user registered: vihangcdsfc@gmail.com","timestamp":"2026-03-25 17:30:44"}
{"level":"info","message":"🚀 Server running on port 5000 in development mode","timestamp":"2026-03-25 17:32:43"}
{"level":"info","message":"🚀 Swagger running on port http://localhost:5000/api-docs","timestamp":"2026-03-25 17:32:43"}
{"level":"info","message":"✅ MongoDB Connected: ac-pluyizk-shard-00-01.kmieitr.mongodb.net","timestamp":"2026-03-25 17:32:45"}
{"level":"error","message":"Failed to fetch repo info: Request failed with status code 401","method":"GET","path":"/api/repo/preview","stack":"Error: Failed to fetch repo info: Request failed with status code 401\n    at GitHubService.getRepoInfo (C:\\react\\github-analyzer\\github-analyzer\\backend\\src\\services\\github.service.js:47:13)\n    at process.processTicksAndRejections (node:internal/process/task_queues:105:5)\n    at async C:\\react\\github-analyzer\\github-analyzer\\backend\\src\\routes\\repo.routes.js:67:22","statusCode":500,"timestamp":"2026-03-25 17:32:55"}
{"level":"error","message":"Failed to fetch repo info: Request failed with status code 401","method":"GET","path":"/api/repo/preview","stack":"Error: Failed to fetch repo info: Request failed with status code 401\n    at GitHubService.getRepoInfo (C:\\react\\github-analyzer\\github-analyzer\\backend\\src\\services\\github.service.js:47:13)\n    at process.processTicksAndRejections (node:internal/process/task_queues:105:5)\n    at async C:\\react\\github-analyzer\\github-analyzer\\backend\\src\\routes\\repo.routes.js:67:22","statusCode":500,"timestamp":"2026-03-25 17:33:16"}
{"level":"info","message":"Starting analysis for Vihang07215/portfolio","timestamp":"2026-03-25 17:33:24"}
{"level":"error","message":"Analysis failed for Vihang07215/portfolio: Failed to fetch repo info: Request failed with status code 401","timestamp":"2026-03-25 17:33:24"}
{"level":"warn","message":"Could not fetch file tree: Request failed with status code 401","timestamp":"2026-03-25 17:33:24"}
{"level":"warn","message":"Could not fetch languages: Request failed with status code 401","timestamp":"2026-03-25 17:33:24"}
{"level":"error","message":"Failed to fetch repo info: Request failed with status code 401","method":"GET","path":"/api/repo/preview","stack":"Error: Failed to fetch repo info: Request failed with status code 401\n    at GitHubService.getRepoInfo (C:\\react\\github-analyzer\\github-analyzer\\backend\\src\\services\\github.service.js:47:13)\n    at process.processTicksAndRejections (node:internal/process/task_queues:105:5)\n    at async C:\\react\\github-analyzer\\github-analyzer\\backend\\src\\routes\\repo.routes.js:67:22","statusCode":500,"timestamp":"2026-03-25 17:33:32"}
{"level":"info","message":"🚀 Server running on port 5000 in development mode","timestamp":"2026-03-25 17:33:50"}
{"level":"info","message":"🚀 Swagger running on port http://localhost:5000/api-docs","timestamp":"2026-03-25 17:33:50"}
{"level":"info","message":"✅ MongoDB Connected: ac-pluyizk-shard-00-00.kmieitr.mongodb.net","timestamp":"2026-03-25 17:33:50"}
{"level":"info","message":"🚀 Server running on port 5000 in development mode","timestamp":"2026-03-25 17:34:07"}
{"level":"info","message":"🚀 Swagger running on port http://localhost:5000/api-docs","timestamp":"2026-03-25 17:34:07"}
{"level":"info","message":"✅ MongoDB Connected: ac-pluyizk-shard-00-00.kmieitr.mongodb.net","timestamp":"2026-03-25 17:34:08"}
{"level":"info","message":"Starting analysis for Vihang07215/portfolio","timestamp":"2026-03-25 17:35:42"}
{"level":"error","message":"Analysis failed for Vihang07215/portfolio: Failed to fetch repo info: Request failed with status code 401","timestamp":"2026-03-25 17:35:43"}
{"level":"warn","message":"Could not fetch languages: Request failed with status code 401","timestamp":"2026-03-25 17:35:43"}
{"level":"warn","message":"Could not fetch file tree: Request failed with status code 401","timestamp":"2026-03-25 17:35:43"}
{"level":"info","message":"Starting analysis for Vihang07215/portfolio","timestamp":"2026-03-25 17:36:16"}
{"level":"warn","message":"Could not fetch languages: Request failed with status code 401","timestamp":"2026-03-25 17:36:16"}
{"level":"error","message":"Analysis failed for Vihang07215/portfolio: Failed to fetch repo info: Request failed with status code 401","timestamp":"2026-03-25 17:36:16"}
{"level":"warn","message":"Could not fetch file tree: Request failed with status code 401","timestamp":"2026-03-25 17:36:16"}
{"level":"info","message":"🚀 Server running on port 5000 in development mode","timestamp":"2026-03-25 17:37:34"}
{"level":"info","message":"🚀 Swagger running on port http://localhost:5000/api-docs","timestamp":"2026-03-25 17:37:34"}
{"level":"info","message":"✅ MongoDB Connected: ac-pluyizk-shard-00-01.kmieitr.mongodb.net","timestamp":"2026-03-25 17:37:34"}
{"level":"info","message":"Starting analysis for Vihang07215/portfolio","timestamp":"2026-03-25 17:37:36"}
{"level":"warn","message":"Could not fetch languages: Request failed with status code 401","timestamp":"2026-03-25 17:37:37"}
{"level":"error","message":"Analysis failed for Vihang07215/portfolio: Failed to fetch repo info: Request failed with status code 401","timestamp":"2026-03-25 17:37:37"}
{"level":"warn","message":"Could not fetch file tree: Request failed with status code 401","timestamp":"2026-03-25 17:37:37"}
{"level":"info","message":"🚀 Server running on port 5000 in development mode","timestamp":"2026-03-25 17:38:14"}
{"level":"info","message":"🚀 Swagger running on port http://localhost:5000/api-docs","timestamp":"2026-03-25 17:38:14"}
{"level":"info","message":"🚀 Server running on port 5000 in development mode","timestamp":"2026-03-25 17:38:17"}
{"level":"info","message":"🚀 Swagger running on port http://localhost:5000/api-docs","timestamp":"2026-03-25 17:38:17"}
{"level":"info","message":"✅ MongoDB Connected: ac-pluyizk-shard-00-01.kmieitr.mongodb.net","timestamp":"2026-03-25 17:38:17"}
{"level":"info","message":"🚀 Server running on port 5000 in development mode","timestamp":"2026-03-25 17:40:30"}
{"level":"info","message":"🚀 Swagger running on port http://localhost:5000/api-docs","timestamp":"2026-03-25 17:40:30"}
{"level":"info","message":"✅ MongoDB Connected: ac-pluyizk-shard-00-02.kmieitr.mongodb.net","timestamp":"2026-03-25 17:40:31"}
{"level":"info","message":"Starting analysis for Vihang07215/portfolio","timestamp":"2026-03-25 17:41:48"}
{"level":"error","message":"Architecture analysis failed: 401 {\"type\":\"error\",\"error\":{\"type\":\"authentication_error\",\"message\":\"invalid x-api-key\"},\"request_id\":\"req_011CZPmztnZeCr6QjyisHchU\"}","timestamp":"2026-03-25 17:41:49"}
{"level":"error","message":"Performance analysis failed: 401 {\"type\":\"error\",\"error\":{\"type\":\"authentication_error\",\"message\":\"invalid x-api-key\"},\"request_id\":\"req_011CZPmztqYfxKN8L72rxghp\"}","timestamp":"2026-03-25 17:41:49"}
{"level":"error","message":"Code smell detection failed: 401 {\"type\":\"error\",\"error\":{\"type\":\"authentication_error\",\"message\":\"invalid x-api-key\"},\"request_id\":\"req_011CZPmzvFsLv3xkp7yQLS7e\"}","timestamp":"2026-03-25 17:41:49"}
{"level":"error","message":"Documentation generation failed: 401 {\"type\":\"error\",\"error\":{\"type\":\"authentication_error\",\"message\":\"invalid x-api-key\"},\"request_id\":\"req_011CZPmzwWHLHENmfHEeQ6jL\"}","timestamp":"2026-03-25 17:41:50"}
{"level":"info","message":"Analysis completed for Vihang07215/portfolio in 2030ms","timestamp":"2026-03-25 17:41:50"}
{"level":"info","message":"🚀 Server running on port 5000 in development mode","timestamp":"2026-03-25 17:45:48"}
{"level":"info","message":"🚀 Swagger running on port http://localhost:5000/api-docs","timestamp":"2026-03-25 17:45:48"}
{"level":"info","message":"✅ MongoDB Connected: ac-pluyizk-shard-00-01.kmieitr.mongodb.net","timestamp":"2026-03-25 17:45:49"}
{"level":"info","message":"🚀 Server running on port 5000 in development mode","timestamp":"2026-03-26 16:42:57"}
{"level":"info","message":"🚀 Swagger running on port http://localhost:5000/api-docs","timestamp":"2026-03-26 16:42:57"}
{"level":"info","message":"✅ MongoDB Connected: ac-pluyizk-shard-00-02.kmieitr.mongodb.net","timestamp":"2026-03-26 16:42:57"}
{"level":"error","message":"Route not found: /favicon.ico","method":"GET","path":"/favicon.ico","stack":"Error: Route not found: /favicon.ico\n    at notFound (C:\\react\\github-analyzer\\github-analyzer\\backend\\src\\middleware\\errorHandler.js:4:17)\n    at Layer.handle [as handle_request] (C:\\react\\github-analyzer\\github-analyzer\\backend\\node_modules\\express\\lib\\router\\layer.js:95:5)\n    at trim_prefix (C:\\react\\github-analyzer\\github-analyzer\\backend\\node_modules\\express\\lib\\router\\index.js:328:13)\n    at C:\\react\\github-analyzer\\github-analyzer\\backend\\node_modules\\express\\lib\\router\\index.js:286:9\n    at Function.process_params (C:\\react\\github-analyzer\\github-analyzer\\backend\\node_modules\\express\\lib\\router\\index.js:346:12)\n    at next (C:\\react\\github-analyzer\\github-analyzer\\backend\\node_modules\\express\\lib\\router\\index.js:280:10)\n    at logger (C:\\react\\github-analyzer\\github-analyzer\\backend\\node_modules\\morgan\\index.js:144:5)\n    at Layer.handle [as handle_request] (C:\\react\\github-analyzer\\github-analyzer\\backend\\node_modules\\express\\lib\\router\\layer.js:95:5)\n    at trim_prefix (C:\\react\\github-analyzer\\github-analyzer\\backend\\node_modules\\express\\lib\\router\\index.js:328:13)\n    at C:\\react\\github-analyzer\\github-analyzer\\backend\\node_modules\\express\\lib\\router\\index.js:286:9","statusCode":404,"timestamp":"2026-03-26 16:43:19"}
{"level":"info","message":"Starting analysis for Vihang07215/hashtechytask","timestamp":"2026-03-26 16:44:22"}
{"level":"error","message":"Architecture analysis failed: 401 {\"type\":\"error\",\"error\":{\"type\":\"authentication_error\",\"message\":\"invalid x-api-key\"},\"request_id\":\"req_011CZRbRqoQRARTEGgwFTcWd\"}","timestamp":"2026-03-26 16:44:23"}
{"level":"error","message":"Code smell detection failed: 401 {\"type\":\"error\",\"error\":{\"type\":\"authentication_error\",\"message\":\"invalid x-api-key\"},\"request_id\":\"req_011CZRbRqrNtR3GLPu5USTWT\"}","timestamp":"2026-03-26 16:44:23"}
{"level":"error","message":"Performance analysis failed: 401 {\"type\":\"error\",\"error\":{\"type\":\"authentication_error\",\"message\":\"invalid x-api-key\"},\"request_id\":\"req_011CZRbRqqe5Eqz8B9LvEDfo\"}","timestamp":"2026-03-26 16:44:23"}
{"level":"error","message":"Documentation generation failed: 401 {\"type\":\"error\",\"error\":{\"type\":\"authentication_error\",\"message\":\"invalid x-api-key\"},\"request_id\":\"req_011CZRbRsCk6dGEGZ5oSCefP\"}","timestamp":"2026-03-26 16:44:24"}
{"level":"info","message":"Analysis completed for Vihang07215/hashtechytask in 2426ms","timestamp":"2026-03-26 16:44:24"}
{"level":"info","message":"Starting analysis for abhisheknaiidu/tripislife","timestamp":"2026-03-26 16:46:36"}
{"level":"error","message":"Architecture analysis failed: 401 {\"type\":\"error\",\"error\":{\"type\":\"authentication_error\",\"message\":\"invalid x-api-key\"},\"request_id\":\"req_011CZRbbhAXSQXjz5nRAu98Z\"}","timestamp":"2026-03-26 16:46:37"}
{"level":"error","message":"Performance analysis failed: 401 {\"type\":\"error\",\"error\":{\"type\":\"authentication_error\",\"message\":\"invalid x-api-key\"},\"request_id\":\"req_011CZRbbhC1VahfApiGN9RT2\"}","timestamp":"2026-03-26 16:46:37"}
{"level":"error","message":"Code smell detection failed: 401 {\"type\":\"error\",\"error\":{\"type\":\"authentication_error\",\"message\":\"invalid x-api-key\"},\"request_id\":\"req_011CZRbbhBm9jmaeszm1jyyg\"}","timestamp":"2026-03-26 16:46:37"}
{"level":"error","message":"Documentation generation failed: 401 {\"type\":\"error\",\"error\":{\"type\":\"authentication_error\",\"message\":\"invalid x-api-key\"},\"request_id\":\"req_011CZRbbiabyMyZb5KxPr9Ah\"}","timestamp":"2026-03-26 16:46:37"}
{"level":"info","message":"Analysis completed for abhisheknaiidu/tripislife in 1977ms","timestamp":"2026-03-26 16:46:38"}
{"level":"error","message":"Route not found: /favicon.ico","method":"GET","path":"/favicon.ico","stack":"Error: Route not found: /favicon.ico\n    at notFound (C:\\react\\github-analyzer\\github-analyzer\\backend\\src\\middleware\\errorHandler.js:4:17)\n    at Layer.handle [as handle_request] (C:\\react\\github-analyzer\\github-analyzer\\backend\\node_modules\\express\\lib\\router\\layer.js:95:5)\n    at trim_prefix (C:\\react\\github-analyzer\\github-analyzer\\backend\\node_modules\\express\\lib\\router\\index.js:328:13)\n    at C:\\react\\github-analyzer\\github-analyzer\\backend\\node_modules\\express\\lib\\router\\index.js:286:9\n    at Function.process_params (C:\\react\\github-analyzer\\github-analyzer\\backend\\node_modules\\express\\lib\\router\\index.js:346:12)\n    at next (C:\\react\\github-analyzer\\github-analyzer\\backend\\node_modules\\express\\lib\\router\\index.js:280:10)\n    at logger (C:\\react\\github-analyzer\\github-analyzer\\backend\\node_modules\\morgan\\index.js:144:5)\n    at Layer.handle [as handle_request] (C:\\react\\github-analyzer\\github-analyzer\\backend\\node_modules\\express\\lib\\router\\layer.js:95:5)\n    at trim_prefix (C:\\react\\github-analyzer\\github-analyzer\\backend\\node_modules\\express\\lib\\router\\index.js:328:13)\n    at C:\\react\\github-analyzer\\github-analyzer\\backend\\node_modules\\express\\lib\\router\\index.js:286:9","statusCode":404,"timestamp":"2026-03-26 17:07:31"}
